<?xml version="1.0" encoding="UTF-8"?>
<!-- Generated by org.testng.reporters.JUnitReportReporter -->
<testsuite hostname="DESKTOP-FHVTEQ5" name="DemoPractice.DemoWebshop" tests="2" failures="0" timestamp="5 Aug 2021 07:59:13 GMT" time="3.167" errors="0">
  <testcase name="register" time="3.140" classname="DemoPractice.DemoWebshop"/>
  <testcase name="log4j" time="0.027" classname="DemoPractice.DemoWebshop"/>
</testsuite> <!-- DemoPractice.DemoWebshop -->
